2026-03-20 12:21:47,939 - INFO - Sigma 2.6406666666666667, Lattice 16.32, eps 0.4, Mass 588.588
2026-03-20 12:21:48,024 - INFO - The simulation started successfully.
2026-03-20 12:21:48,024 - INFO - ============================= STEP NUMBER 0 ============================= 
2026-03-20 12:21:52,012 - INFO - Positions: from -0.093673520269129 to 38.86343778517816
2026-03-20 12:21:52,012 - INFO - Using FCC layer spacing: step = 4.08
2026-03-20 12:21:52,013 - INFO - LAYER 0, Collecting atoms from: 34.78343778517816 to 38.86343778517816
2026-03-20 12:21:52,013 - INFO - Количество атомов в слое: 399, температура слоя: 23.31484091654064
2026-03-20 12:21:52,069 - INFO - LAYER 1, Collecting atoms from: 30.70343778517816 to 34.78343778517816
2026-03-20 12:21:52,070 - INFO - Количество атомов в слое: 403, температура слоя: 22.396398678014076
2026-03-20 12:21:52,070 - INFO - LAYER 2, Collecting atoms from: 26.623437785178155 to 30.703437785178156
2026-03-20 12:21:52,070 - INFO - Количество атомов в слое: 399, температура слоя: 20.825956506569252
2026-03-20 12:21:52,070 - INFO - LAYER 3, Collecting atoms from: 22.543437785178156 to 26.623437785178155
2026-03-20 12:21:52,071 - INFO - Количество атомов в слое: 399, температура слоя: 24.079494659408834
2026-03-20 12:21:52,071 - INFO - LAYER 4, Collecting atoms from: 18.463437785178158 to 22.543437785178156
2026-03-20 12:21:52,071 - INFO - Количество атомов в слое: 399, температура слоя: 23.114819957773534
2026-03-20 12:21:52,071 - INFO - LAYER 5, Collecting atoms from: 14.383437785178158 to 18.463437785178158
2026-03-20 12:21:52,071 - INFO - Количество атомов в слое: 401, температура слоя: 21.852283716654735
2026-03-20 12:21:52,071 - INFO - LAYER 6, Collecting atoms from: 10.303437785178156 to 14.383437785178156
2026-03-20 12:21:52,071 - INFO - Количество атомов в слое: 399, температура слоя: 23.600213503895084
2026-03-20 12:21:52,072 - INFO - LAYER 7, Collecting atoms from: 6.223437785178154 to 10.303437785178154
2026-03-20 12:21:52,072 - INFO - Количество атомов в слое: 401, температура слоя: 21.72482638230572
2026-03-20 12:21:52,072 - INFO - LAYER 8, Collecting atoms from: 2.143437785178156 to 6.223437785178156
2026-03-20 12:21:52,072 - INFO - Количество атомов в слое: 399, температура слоя: 21.761676444202024
2026-03-20 12:21:52,075 - WARNING - Coordinates fo: -0.07214964270953127 38.797565668661335 -0.06580365922692981 38.78574968362831 36.59963247276082 52.91963247276082
2026-03-20 12:21:52,076 - INFO - New coords: [np.float64(-0.07214964270953127), np.float64(38.797565668661335), np.float64(-0.06580365922692981), np.float64(38.78574968362831), np.float64(38.59963247276082), np.float64(54.91963247276082)]
2026-03-20 12:21:52,110 - INFO - ============================= STEP NUMBER 500 ============================= 
2026-03-20 12:21:55,276 - INFO - Positions: from -0.3105410669123572 to 40.79318431977172
2026-03-20 12:21:55,276 - INFO - Using FCC layer spacing: step = 4.08
2026-03-20 12:21:55,276 - INFO - LAYER 0, Collecting atoms from: 36.71318431977172 to 40.79318431977172
2026-03-20 12:21:55,276 - INFO - Количество атомов в слое: 57, температура слоя: 28.918696131628305
2026-03-20 12:21:55,277 - INFO - LAYER 1, Collecting atoms from: 32.63318431977172 to 36.71318431977172
2026-03-20 12:21:55,277 - INFO - Количество атомов в слое: 304, температура слоя: 38.686053363419504
2026-03-20 12:21:55,277 - INFO - LAYER 2, Collecting atoms from: 28.553184319771717 to 32.633184319771715
2026-03-20 12:21:55,277 - INFO - Количество атомов в слое: 287, температура слоя: 19.4628932381219
2026-03-20 12:21:55,277 - INFO - LAYER 3, Collecting atoms from: 24.47318431977172 to 28.553184319771717
2026-03-20 12:21:55,277 - INFO - Количество атомов в слое: 400, температура слоя: 23.026006692519204
2026-03-20 12:21:55,277 - INFO - LAYER 4, Collecting atoms from: 20.39318431977172 to 24.47318431977172
2026-03-20 12:21:55,278 - INFO - Количество атомов в слое: 418, температура слоя: 21.71812393382594
2026-03-20 12:21:55,278 - INFO - LAYER 5, Collecting atoms from: 16.31318431977172 to 20.39318431977172
2026-03-20 12:21:55,278 - INFO - Количество атомов в слое: 409, температура слоя: 21.434408378119727
2026-03-20 12:21:55,278 - INFO - LAYER 6, Collecting atoms from: 12.233184319771718 to 16.313184319771718
2026-03-20 12:21:55,278 - INFO - Количество атомов в слое: 389, температура слоя: 21.383842215043533
2026-03-20 12:21:55,278 - INFO - LAYER 7, Collecting atoms from: 8.153184319771716 to 12.233184319771716
2026-03-20 12:21:55,278 - INFO - Количество атомов в слое: 444, температура слоя: 21.785096209673167
2026-03-20 12:21:55,279 - INFO - LAYER 8, Collecting atoms from: 4.073184319771718 to 8.153184319771718
2026-03-20 12:21:55,279 - INFO - Количество атомов в слое: 410, температура слоя: 21.2870454769526
2026-03-20 12:21:55,279 - INFO - LAYER 9, Collecting atoms from: -0.006815680228280385 to 4.07318431977172
2026-03-20 12:21:55,279 - INFO - Количество атомов в слое: 247, температура слоя: 19.074821973715995
2026-03-20 12:21:55,281 - WARNING - Coordinates fo: 1.9833229487675494 40.857309267720254 -0.0313798700814427 40.96120714765288 36.71637202886505 53.03637202886505
2026-03-20 12:21:55,282 - INFO - New coords: [np.float64(1.9833229487675494), np.float64(40.857309267720254), np.float64(-0.0313798700814427), np.float64(40.96120714765288), np.float64(38.71637202886505), np.float64(55.03637202886505)]
2026-03-20 12:21:55,320 - INFO - ============================= STEP NUMBER 1000 ============================= 
2026-03-20 12:21:58,239 - INFO - Positions: from 1.803242906873661 to 40.730218065402774
2026-03-20 12:21:58,239 - INFO - Using FCC layer spacing: step = 4.08
2026-03-20 12:21:58,239 - INFO - LAYER 0, Collecting atoms from: 36.650218065402775 to 40.730218065402774
2026-03-20 12:21:58,240 - INFO - Количество атомов в слое: 16, температура слоя: 33.73533871726504
2026-03-20 12:21:58,240 - INFO - LAYER 1, Collecting atoms from: 32.57021806540278 to 36.650218065402775
2026-03-20 12:21:58,240 - INFO - Количество атомов в слое: 291, температура слоя: 96.6105214316944
2026-03-20 12:21:58,240 - INFO - LAYER 2, Collecting atoms from: 28.49021806540277 to 32.57021806540277
2026-03-20 12:21:58,240 - INFO - Количество атомов в слое: 401, температура слоя: 20.578417218007328
2026-03-20 12:21:58,240 - INFO - LAYER 3, Collecting atoms from: 24.410218065402773 to 28.49021806540277
2026-03-20 12:21:58,240 - INFO - Количество атомов в слое: 398, температура слоя: 19.337913857919762
2026-03-20 12:21:58,240 - INFO - LAYER 4, Collecting atoms from: 20.330218065402775 to 24.410218065402773
2026-03-20 12:21:58,241 - INFO - Количество атомов в слое: 377, температура слоя: 20.08977729766633
2026-03-20 12:21:58,241 - INFO - LAYER 5, Collecting atoms from: 16.250218065402777 to 20.330218065402775
2026-03-20 12:21:58,241 - INFO - Количество атомов в слое: 420, температура слоя: 19.675415134610915
2026-03-20 12:21:58,241 - INFO - LAYER 6, Collecting atoms from: 12.170218065402773 to 16.250218065402773
2026-03-20 12:21:58,241 - INFO - Количество атомов в слое: 405, температура слоя: 19.684731050232067
2026-03-20 12:21:58,241 - INFO - LAYER 7, Collecting atoms from: 8.090218065402771 to 12.170218065402771
2026-03-20 12:21:58,241 - INFO - Количество атомов в слое: 394, температура слоя: 19.01917452481511
2026-03-20 12:21:58,242 - INFO - LAYER 8, Collecting atoms from: 4.010218065402773 to 8.090218065402773
2026-03-20 12:21:58,242 - INFO - Количество атомов в слое: 374, температура слоя: 20.05461989719213
2026-03-20 12:21:58,244 - WARNING - Coordinates fo: 0.041569985256622345 40.69534871292477 0.08547639739390235 40.65722286843837 36.782068521478 53.102068521478
2026-03-20 12:21:58,245 - INFO - New coords: [np.float64(0.041569985256622345), np.float64(40.69534871292477), np.float64(0.08547639739390235), np.float64(40.65722286843837), np.float64(38.782068521478), np.float64(55.102068521478)]
2026-03-20 12:21:58,276 - INFO - ============================= STEP NUMBER 1500 ============================= 
2026-03-20 12:22:01,102 - INFO - Positions: from 1.8356383872177382 to 38.94878731143816
2026-03-20 12:22:01,103 - INFO - Using FCC layer spacing: step = 4.08
2026-03-20 12:22:01,103 - INFO - LAYER 0, Collecting atoms from: 34.86878731143816 to 38.94878731143816
2026-03-20 12:22:01,103 - INFO - Количество атомов в слое: 88, температура слоя: 230.8365588194147
2026-03-20 12:22:01,103 - INFO - LAYER 1, Collecting atoms from: 30.788787311438163 to 34.86878731143816
2026-03-20 12:22:01,103 - INFO - Количество атомов в слое: 248, температура слоя: 52.62564720276406
2026-03-20 12:22:01,103 - INFO - LAYER 2, Collecting atoms from: 26.708787311438158 to 30.78878731143816
2026-03-20 12:22:01,103 - INFO - Количество атомов в слое: 394, температура слоя: 38.45689794431845
2026-03-20 12:22:01,103 - INFO - LAYER 3, Collecting atoms from: 22.62878731143816 to 26.708787311438158
2026-03-20 12:22:01,104 - INFO - Количество атомов в слое: 379, температура слоя: 23.66532006349796
2026-03-20 12:22:01,104 - INFO - LAYER 4, Collecting atoms from: 18.54878731143816 to 22.62878731143816
2026-03-20 12:22:01,104 - INFO - Количество атомов в слое: 381, температура слоя: 20.35994984723766
2026-03-20 12:22:01,104 - INFO - LAYER 5, Collecting atoms from: 14.468787311438161 to 18.54878731143816
2026-03-20 12:22:01,104 - INFO - Количество атомов в слое: 400, температура слоя: 19.8870330597167
2026-03-20 12:22:01,104 - INFO - LAYER 6, Collecting atoms from: 10.38878731143816 to 14.46878731143816
2026-03-20 12:22:01,104 - INFO - Количество атомов в слое: 400, температура слоя: 18.19515225200411
2026-03-20 12:22:01,104 - INFO - LAYER 7, Collecting atoms from: 6.308787311438158 to 10.388787311438158
2026-03-20 12:22:01,105 - INFO - Количество атомов в слое: 400, температура слоя: 22.241469320090548
2026-03-20 12:22:01,105 - INFO - LAYER 8, Collecting atoms from: 2.2287873114381593 to 6.308787311438159
2026-03-20 12:22:01,105 - INFO - Количество атомов в слое: 399, температура слоя: 19.800586095792003
2026-03-20 12:22:01,109 - WARNING - Coordinates fo: 0.27779651725588617 40.77177010598776 0.10869230161682895 40.67710970263156 34.91275233677634 51.23275233677634
2026-03-20 12:22:01,110 - INFO - New coords: [np.float64(0.27779651725588617), np.float64(40.77177010598776), np.float64(0.10869230161682895), np.float64(40.67710970263156), np.float64(36.91275233677634), np.float64(53.23275233677634)]
2026-03-20 12:22:01,144 - INFO - ============================= STEP NUMBER 2000 ============================= 
2026-03-20 12:22:03,940 - INFO - Positions: from 1.8218557758214768 to 35.31518855544639
2026-03-20 12:22:03,941 - INFO - Using FCC layer spacing: step = 4.08
2026-03-20 12:22:03,941 - INFO - LAYER 0, Collecting atoms from: 31.235188555446392 to 35.31518855544639
2026-03-20 12:22:03,941 - INFO - Количество атомов в слое: 203, температура слоя: 61.197026274876364
2026-03-20 12:22:03,941 - INFO - LAYER 1, Collecting atoms from: 27.155188555446394 to 31.235188555446392
2026-03-20 12:22:03,941 - INFO - Количество атомов в слое: 399, температура слоя: 37.119760304842906
2026-03-20 12:22:03,941 - INFO - LAYER 2, Collecting atoms from: 23.07518855544639 to 27.15518855544639
2026-03-20 12:22:03,941 - INFO - Количество атомов в слое: 400, температура слоя: 28.22331953706984
2026-03-20 12:22:03,941 - INFO - LAYER 3, Collecting atoms from: 18.99518855544639 to 23.07518855544639
2026-03-20 12:22:03,942 - INFO - Количество атомов в слое: 400, температура слоя: 23.65413244220813
2026-03-20 12:22:03,942 - INFO - LAYER 4, Collecting atoms from: 14.91518855544639 to 18.99518855544639
2026-03-20 12:22:03,942 - INFO - Количество атомов в слое: 400, температура слоя: 21.877198725823263
2026-03-20 12:22:03,942 - INFO - LAYER 5, Collecting atoms from: 10.835188555446392 to 14.915188555446392
2026-03-20 12:22:03,942 - INFO - Количество атомов в слое: 400, температура слоя: 18.963019124591796
2026-03-20 12:22:03,942 - INFO - LAYER 6, Collecting atoms from: 6.75518855544639 to 10.83518855544639
2026-03-20 12:22:03,942 - INFO - Количество атомов в слое: 400, температура слоя: 20.218303226803382
2026-03-20 12:22:03,942 - INFO - LAYER 7, Collecting atoms from: 2.675188555446388 to 6.755188555446388
2026-03-20 12:22:03,943 - INFO - Количество атомов в слое: 399, температура слоя: 19.124583714924203
2026-03-20 12:22:03,948 - WARNING - Coordinates fo: -0.05275889220594302 40.81379347687206 -0.04467370002609274 40.828961038795704 32.38423434095694 48.70423434095694
2026-03-20 12:22:03,949 - INFO - New coords: [np.float64(-0.05275889220594302), np.float64(40.81379347687206), np.float64(-0.04467370002609274), np.float64(40.828961038795704), np.float64(34.38423434095694), np.float64(50.70423434095694)]
2026-03-20 12:22:03,984 - INFO - ============================= STEP NUMBER 2500 ============================= 
2026-03-20 12:22:06,659 - INFO - Positions: from 1.8527856793948472 to 32.82837981941061
2026-03-20 12:22:06,659 - INFO - Using FCC layer spacing: step = 4.08
2026-03-20 12:22:06,660 - INFO - LAYER 0, Collecting atoms from: 28.74837981941061 to 32.82837981941061
2026-03-20 12:22:06,660 - INFO - Количество атомов в слое: 234, температура слоя: 49.73056872228152
2026-03-20 12:22:06,660 - INFO - LAYER 1, Collecting atoms from: 24.66837981941061 to 28.74837981941061
2026-03-20 12:22:06,660 - INFO - Количество атомов в слое: 378, температура слоя: 31.606645191042283
2026-03-20 12:22:06,660 - INFO - LAYER 2, Collecting atoms from: 20.588379819410605 to 24.668379819410607
2026-03-20 12:22:06,660 - INFO - Количество атомов в слое: 402, температура слоя: 26.11227149986876
2026-03-20 12:22:06,660 - INFO - LAYER 3, Collecting atoms from: 16.508379819410607 to 20.588379819410605
2026-03-20 12:22:06,661 - INFO - Количество атомов в слое: 410, температура слоя: 22.717096927074408
2026-03-20 12:22:06,661 - INFO - LAYER 4, Collecting atoms from: 12.428379819410607 to 16.508379819410607
2026-03-20 12:22:06,661 - INFO - Количество атомов в слое: 479, температура слоя: 22.434085757842126
2026-03-20 12:22:06,661 - INFO - LAYER 5, Collecting atoms from: 8.348379819410608 to 12.428379819410608
2026-03-20 12:22:06,661 - INFO - Количество атомов в слое: 356, температура слоя: 20.753936691663007
2026-03-20 12:22:06,661 - INFO - LAYER 6, Collecting atoms from: 4.268379819410606 to 8.348379819410606
2026-03-20 12:22:06,661 - INFO - Количество атомов в слое: 353, температура слоя: 18.40403846183841
2026-03-20 12:22:06,663 - WARNING - Coordinates fo: -0.06510500347047599 40.91304820052907 -0.5481653143881215 40.832788666873235 28.765557101445513 45.08555710144552
2026-03-20 12:22:06,666 - INFO - New coords: [np.float64(-0.06510500347047599), np.float64(40.91304820052907), np.float64(-0.5481653143881215), np.float64(40.832788666873235), np.float64(30.765557101445513), np.float64(47.08555710144552)]
2026-03-20 12:22:06,700 - INFO - ============================= STEP NUMBER 3000 ============================= 
2026-03-20 12:22:09,054 - INFO - Positions: from 2.054136319463044 to 30.91555090590482
2026-03-20 12:22:09,054 - INFO - Using FCC layer spacing: step = 4.08
2026-03-20 12:22:09,054 - INFO - LAYER 0, Collecting atoms from: 26.835550905904817 to 30.91555090590482
2026-03-20 12:22:09,054 - INFO - Количество атомов в слое: 107, температура слоя: 65.29706734520546
2026-03-20 12:22:09,054 - INFO - LAYER 1, Collecting atoms from: 22.75555090590482 to 26.835550905904817
2026-03-20 12:22:09,055 - INFO - Количество атомов в слое: 398, температура слоя: 24.513642204447404
2026-03-20 12:22:09,055 - INFO - LAYER 2, Collecting atoms from: 18.67555090590482 to 22.75555090590482
2026-03-20 12:22:09,055 - INFO - Количество атомов в слое: 400, температура слоя: 24.03146809267202
2026-03-20 12:22:09,055 - INFO - LAYER 3, Collecting atoms from: 14.59555090590482 to 18.67555090590482
2026-03-20 12:22:09,055 - INFO - Количество атомов в слое: 400, температура слоя: 24.351074588714823
2026-03-20 12:22:09,055 - INFO - LAYER 4, Collecting atoms from: 10.515550905904819 to 14.595550905904819
2026-03-20 12:22:09,055 - INFO - Количество атомов в слое: 400, температура слоя: 21.291840150059766
2026-03-20 12:22:09,055 - INFO - LAYER 5, Collecting atoms from: 6.435550905904821 to 10.51555090590482
2026-03-20 12:22:09,056 - INFO - Количество атомов в слое: 404, температура слоя: 21.56368836713203
2026-03-20 12:22:09,056 - INFO - LAYER 6, Collecting atoms from: 2.3555509059048187 to 6.435550905904819
2026-03-20 12:22:09,056 - INFO - Количество атомов в слое: 399, температура слоя: 23.996384522513146
2026-03-20 12:22:09,057 - WARNING - Coordinates fo: 0.029071738481845518 40.91126725729631 -0.03495698669366912 41.11206097074292 26.846689641223325 43.16668964122333
2026-03-20 12:22:09,058 - INFO - New coords: [np.float64(0.029071738481845518), np.float64(40.91126725729631), np.float64(-0.03495698669366912), np.float64(41.11206097074292), np.float64(28.846689641223325), np.float64(45.16668964122333)]
2026-03-20 12:22:09,090 - INFO - ============================= STEP NUMBER 3500 ============================= 
2026-03-20 12:22:11,337 - INFO - Positions: from 2.1814440413889624 to 28.892501647138072
2026-03-20 12:22:11,337 - INFO - Using FCC layer spacing: step = 4.08
2026-03-20 12:22:11,337 - INFO - LAYER 0, Collecting atoms from: 24.81250164713807 to 28.892501647138072
2026-03-20 12:22:11,337 - INFO - Количество атомов в слое: 160, температура слоя: 34.288314973724006
2026-03-20 12:22:11,337 - INFO - LAYER 1, Collecting atoms from: 20.732501647138072 to 24.81250164713807
2026-03-20 12:22:11,338 - INFO - Количество атомов в слое: 397, температура слоя: 23.177408482786547
2026-03-20 12:22:11,338 - INFO - LAYER 2, Collecting atoms from: 16.652501647138074 to 20.732501647138072
2026-03-20 12:22:11,338 - INFO - Количество атомов в слое: 400, температура слоя: 23.528078785694504
2026-03-20 12:22:11,338 - INFO - LAYER 3, Collecting atoms from: 12.572501647138074 to 16.652501647138074
2026-03-20 12:22:11,338 - INFO - Количество атомов в слое: 400, температура слоя: 22.179403782354356
2026-03-20 12:22:11,339 - INFO - LAYER 4, Collecting atoms from: 8.492501647138072 to 12.572501647138072
2026-03-20 12:22:11,339 - INFO - Количество атомов в слое: 402, температура слоя: 24.436698658941406
2026-03-20 12:22:11,339 - INFO - LAYER 5, Collecting atoms from: 4.412501647138074 to 8.492501647138074
2026-03-20 12:22:11,339 - INFO - Количество атомов в слое: 529, температура слоя: 23.130705733610846
2026-03-20 12:22:11,342 - WARNING - Coordinates fo: -0.21622872928872686 40.825795958208865 -0.03571778107668889 40.974819827028305 24.820020860553225 41.14002086055322
2026-03-20 12:22:11,344 - INFO - New coords: [np.float64(-0.21622872928872686), np.float64(40.825795958208865), np.float64(-0.03571778107668889), np.float64(40.974819827028305), np.float64(26.820020860553225), np.float64(43.14002086055322)]
